<?xml version="1.0" encoding="UTF-8"?>
<!-- Generated by org.testng.reporters.JUnitXMLReporter -->
<testsuite ignored="0" hostname="EQPL1805P14" failures="0" tests="6" name="Surefire test" time="98.566" errors="0" timestamp="2026-05-25T21:54:43 IST">
  <testcase classname="com.orangehrm.tests.DashboardTest" name="verifyAdminMenu" time="5.41"/>
  <testcase classname="com.orangehrm.tests.DashboardTest" name="verifyDashboardPage" time="4.293"/>
  <testcase classname="com.orangehrm.tests.DashboardTest" name="verifySearchBox" time="4.469"/>
  <testcase classname="com.orangehrm.tests.LoginTest" name="emptyUsernameTest" time="6.361"/>
  <testcase classname="com.orangehrm.tests.LoginTest" name="invalidPasswordTest" time="6.329"/>
  <testcase classname="com.orangehrm.tests.LoginTest" name="validLoginTest" time="7.325"/>
</testsuite> <!-- Surefire test -->
