<?xml version="1.0" encoding="UTF-8"?>
<testng-results ignored="0" total="6" passed="6" failed="0" skipped="0">
  <reporter-output>
  </reporter-output>
  <suite started-at="2026-05-25T21:53:05 IST" name="Surefire suite" finished-at="2026-05-25T21:54:43 IST" duration-ms="98566">
    <groups>
    </groups>
    <test started-at="2026-05-25T21:53:05 IST" name="Surefire test" finished-at="2026-05-25T21:54:43 IST" duration-ms="98566">
      <class name="com.orangehrm.tests.DashboardTest">
        <test-method is-config="true" signature="setup()[pri:0, instance:com.orangehrm.tests.DashboardTest@2805c96b]" started-at="2026-05-25T21:53:05 IST" name="setup" finished-at="2026-05-25T21:53:17 IST" duration-ms="12630" status="PASS">
          <reporter-output>
          </reporter-output>
        </test-method> <!-- setup -->
        <test-method signature="verifyAdminMenu()[pri:0, instance:com.orangehrm.tests.DashboardTest@2805c96b]" started-at="2026-05-25T21:53:17 IST" name="verifyAdminMenu" finished-at="2026-05-25T21:53:23 IST" duration-ms="5410" status="PASS">
          <reporter-output>
          </reporter-output>
        </test-method> <!-- verifyAdminMenu -->
        <test-method is-config="true" signature="tearDown()[pri:0, instance:com.orangehrm.tests.DashboardTest@2805c96b]" started-at="2026-05-25T21:53:23 IST" name="tearDown" finished-at="2026-05-25T21:53:23 IST" duration-ms="233" status="PASS">
          <reporter-output>
          </reporter-output>
        </test-method> <!-- tearDown -->
        <test-method is-config="true" signature="setup()[pri:0, instance:com.orangehrm.tests.DashboardTest@2805c96b]" started-at="2026-05-25T21:53:23 IST" name="setup" finished-at="2026-05-25T21:53:34 IST" duration-ms="11079" status="PASS">
          <reporter-output>
          </reporter-output>
        </test-method> <!-- setup -->
        <test-method signature="verifyDashboardPage()[pri:0, instance:com.orangehrm.tests.DashboardTest@2805c96b]" started-at="2026-05-25T21:53:34 IST" name="verifyDashboardPage" finished-at="2026-05-25T21:53:38 IST" duration-ms="4293" status="PASS">
          <reporter-output>
          </reporter-output>
        </test-method> <!-- verifyDashboardPage -->
        <test-method is-config="true" signature="tearDown()[pri:0, instance:com.orangehrm.tests.DashboardTest@2805c96b]" started-at="2026-05-25T21:53:38 IST" name="tearDown" finished-at="2026-05-25T21:53:39 IST" duration-ms="140" status="PASS">
          <reporter-output>
          </reporter-output>
        </test-method> <!-- tearDown -->
        <test-method is-config="true" signature="setup()[pri:0, instance:com.orangehrm.tests.DashboardTest@2805c96b]" started-at="2026-05-25T21:53:39 IST" name="setup" finished-at="2026-05-25T21:53:47 IST" duration-ms="8866" status="PASS">
          <reporter-output>
          </reporter-output>
        </test-method> <!-- setup -->
        <test-method signature="verifySearchBox()[pri:0, instance:com.orangehrm.tests.DashboardTest@2805c96b]" started-at="2026-05-25T21:53:47 IST" name="verifySearchBox" finished-at="2026-05-25T21:53:52 IST" duration-ms="4469" status="PASS">
          <reporter-output>
          </reporter-output>
        </test-method> <!-- verifySearchBox -->
        <test-method is-config="true" signature="tearDown()[pri:0, instance:com.orangehrm.tests.DashboardTest@2805c96b]" started-at="2026-05-25T21:53:52 IST" name="tearDown" finished-at="2026-05-25T21:53:52 IST" duration-ms="250" status="PASS">
          <reporter-output>
          </reporter-output>
        </test-method> <!-- tearDown -->
      </class> <!-- com.orangehrm.tests.DashboardTest -->
      <class name="com.orangehrm.tests.LoginTest">
        <test-method is-config="true" signature="setup()[pri:0, instance:com.orangehrm.tests.LoginTest@769e7ee8]" started-at="2026-05-25T21:53:52 IST" name="setup" finished-at="2026-05-25T21:54:03 IST" duration-ms="11069" status="PASS">
          <reporter-output>
          </reporter-output>
        </test-method> <!-- setup -->
        <test-method signature="emptyUsernameTest()[pri:0, instance:com.orangehrm.tests.LoginTest@769e7ee8]" started-at="2026-05-25T21:54:03 IST" name="emptyUsernameTest" finished-at="2026-05-25T21:54:10 IST" duration-ms="6361" status="PASS">
          <reporter-output>
          </reporter-output>
        </test-method> <!-- emptyUsernameTest -->
        <test-method is-config="true" signature="tearDown()[pri:0, instance:com.orangehrm.tests.LoginTest@769e7ee8]" started-at="2026-05-25T21:54:10 IST" name="tearDown" finished-at="2026-05-25T21:54:10 IST" duration-ms="259" status="PASS">
          <reporter-output>
          </reporter-output>
        </test-method> <!-- tearDown -->
        <test-method is-config="true" signature="setup()[pri:0, instance:com.orangehrm.tests.LoginTest@769e7ee8]" started-at="2026-05-25T21:54:10 IST" name="setup" finished-at="2026-05-25T21:54:19 IST" duration-ms="8730" status="PASS">
          <reporter-output>
          </reporter-output>
        </test-method> <!-- setup -->
        <test-method signature="invalidPasswordTest()[pri:0, instance:com.orangehrm.tests.LoginTest@769e7ee8]" started-at="2026-05-25T21:54:19 IST" name="invalidPasswordTest" finished-at="2026-05-25T21:54:25 IST" duration-ms="6329" status="PASS">
          <reporter-output>
          </reporter-output>
        </test-method> <!-- invalidPasswordTest -->
        <test-method is-config="true" signature="tearDown()[pri:0, instance:com.orangehrm.tests.LoginTest@769e7ee8]" started-at="2026-05-25T21:54:25 IST" name="tearDown" finished-at="2026-05-25T21:54:25 IST" duration-ms="250" status="PASS">
          <reporter-output>
          </reporter-output>
        </test-method> <!-- tearDown -->
        <test-method is-config="true" signature="setup()[pri:0, instance:com.orangehrm.tests.LoginTest@769e7ee8]" started-at="2026-05-25T21:54:25 IST" name="setup" finished-at="2026-05-25T21:54:36 IST" duration-ms="10566" status="PASS">
          <reporter-output>
          </reporter-output>
        </test-method> <!-- setup -->
        <test-method signature="validLoginTest()[pri:0, instance:com.orangehrm.tests.LoginTest@769e7ee8]" started-at="2026-05-25T21:54:36 IST" name="validLoginTest" finished-at="2026-05-25T21:54:43 IST" duration-ms="7325" status="PASS">
          <reporter-output>
          </reporter-output>
        </test-method> <!-- validLoginTest -->
        <test-method is-config="true" signature="tearDown()[pri:0, instance:com.orangehrm.tests.LoginTest@769e7ee8]" started-at="2026-05-25T21:54:43 IST" name="tearDown" finished-at="2026-05-25T21:54:43 IST" duration-ms="259" status="PASS">
          <reporter-output>
          </reporter-output>
        </test-method> <!-- tearDown -->
      </class> <!-- com.orangehrm.tests.LoginTest -->
    </test> <!-- Surefire test -->
  </suite> <!-- Surefire suite -->
</testng-results>
