<?xml version="1.0" encoding="UTF-8"?>
<!-- Generated by org.testng.reporters.JUnitReportReporter -->
<testsuite hostname="EQPL1805P14" failures="0" tests="3" name="com.orangehrm.tests.LoginTest" time="51.148" errors="0" timestamp="2026-05-25T21:54:43 IST" skipped="0">
  <testcase classname="com.orangehrm.tests.LoginTest" name="emptyUsernameTest" time="17.689"/>
  <testcase classname="com.orangehrm.tests.LoginTest" name="invalidPasswordTest" time="17.145"/>
  <testcase classname="com.orangehrm.tests.LoginTest" name="validLoginTest" time="16.314"/>
</testsuite> <!-- com.orangehrm.tests.LoginTest -->
