<?xml version="1.0" encoding="UTF-8"?>
<!-- Generated by org.testng.reporters.JUnitReportReporter -->
<testsuite hostname="EQPL1805P14" failures="0" tests="3" name="com.orangehrm.tests.DashboardTest" time="47.370" errors="0" timestamp="2026-05-25T21:54:43 IST" skipped="0">
  <testcase classname="com.orangehrm.tests.DashboardTest" name="verifyDashboardPage" time="17.063"/>
  <testcase classname="com.orangehrm.tests.DashboardTest" name="verifyAdminMenu" time="16.739"/>
  <testcase classname="com.orangehrm.tests.DashboardTest" name="verifySearchBox" time="13.568"/>
</testsuite> <!-- com.orangehrm.tests.DashboardTest -->
